<?xml version="1.0" encoding="UTF-8"?>
<!-- Generated by org.testng.reporters.JUnitXMLReporter -->
<testsuite ignored="8" hostname="DESKTOP-NDDEHQG" failures="0" tests="3" name="ChromeTest" time="0.111" errors="0" timestamp="2024-05-09T20:31:59 IST">
  <testcase classname="Utils.BaseTest" name="@BeforeClass Classlevelstart" time="-1.715266919103E9">
    <failure type="org.testng.TestNGException" message="
Can inject only one of &amp;lt;ITestContext, XmlTest&amp;gt; into a @BeforeClass annotated Classlevelstart.
For more information on native dependency injection please refer to https://testng.org/doc/documentation-main.html#native-dependency-injection">
      <![CDATA[org.testng.TestNGException: 
Can inject only one of <ITestContext, XmlTest> into a @BeforeClass annotated Classlevelstart.
For more information on native dependency injection please refer to https://testng.org/doc/documentation-main.html#native-dependency-injection
at java.base/java.util.ArrayList.forEach(ArrayList.java:1511)
... Removed 22 stack frames]]>
    </failure>
  </testcase> <!-- @BeforeClass Classlevelstart -->
  <testcase classname="Utils.BaseTest" name="@BeforeMethod start" time="-1.715266919146E9">
    <skipped/>
  </testcase> <!-- @BeforeMethod start -->
  <testcase classname="Utils.BaseTest" name="@AfterMethod teardown" time="-1.715266919156E9">
    <skipped/>
  </testcase> <!-- @AfterMethod teardown -->
  <testcase classname="Utils.BaseTest" name="@AfterClass ClassLevelEnded" time="-1.715266919158E9">
    <skipped/>
  </testcase> <!-- @AfterClass ClassLevelEnded -->
  <testcase classname="Utils.BaseTest" name="@BeforeClass Classlevelstart" time="-1.715266919161E9">
    <failure type="org.testng.TestNGException" message="
Can inject only one of &amp;lt;ITestContext, XmlTest&amp;gt; into a @BeforeClass annotated Classlevelstart.
For more information on native dependency injection please refer to https://testng.org/doc/documentation-main.html#native-dependency-injection">
      <![CDATA[org.testng.TestNGException: 
Can inject only one of <ITestContext, XmlTest> into a @BeforeClass annotated Classlevelstart.
For more information on native dependency injection please refer to https://testng.org/doc/documentation-main.html#native-dependency-injection
at java.base/java.util.ArrayList.forEach(ArrayList.java:1511)
... Removed 22 stack frames]]>
    </failure>
  </testcase> <!-- @BeforeClass Classlevelstart -->
  <testcase classname="Utils.BaseTest" name="@BeforeMethod start" time="-1.715266919163E9">
    <skipped/>
  </testcase> <!-- @BeforeMethod start -->
  <testcase classname="Utils.BaseTest" name="@AfterMethod teardown" time="-1.715266919174E9">
    <skipped/>
  </testcase> <!-- @AfterMethod teardown -->
  <testcase classname="Utils.BaseTest" name="@AfterClass ClassLevelEnded" time="-1.715266919177E9">
    <skipped/>
  </testcase> <!-- @AfterClass ClassLevelEnded -->
  <testcase classname="Utils.BaseTest" name="@BeforeClass Classlevelstart" time="-1.71526691918E9">
    <failure type="org.testng.TestNGException" message="
Can inject only one of &amp;lt;ITestContext, XmlTest&amp;gt; into a @BeforeClass annotated Classlevelstart.
For more information on native dependency injection please refer to https://testng.org/doc/documentation-main.html#native-dependency-injection">
      <![CDATA[org.testng.TestNGException: 
Can inject only one of <ITestContext, XmlTest> into a @BeforeClass annotated Classlevelstart.
For more information on native dependency injection please refer to https://testng.org/doc/documentation-main.html#native-dependency-injection
at java.base/java.util.ArrayList.forEach(ArrayList.java:1511)
... Removed 22 stack frames]]>
    </failure>
  </testcase> <!-- @BeforeClass Classlevelstart -->
  <testcase classname="Utils.BaseTest" name="@BeforeMethod start" time="-1.715266919182E9">
    <skipped/>
  </testcase> <!-- @BeforeMethod start -->
  <testcase classname="Utils.BaseTest" name="@AfterMethod teardown" time="-1.715266919185E9">
    <skipped/>
  </testcase> <!-- @AfterMethod teardown -->
  <testcase classname="Utils.BaseTest" name="@AfterClass ClassLevelEnded" time="-1.715266919185E9">
    <skipped/>
  </testcase> <!-- @AfterClass ClassLevelEnded -->
  <testcase classname="TestNG_Test.LoginAndLogOut" name="loginandOut" time="0.0">
    <skipped/>
  </testcase> <!-- loginandOut -->
  <testcase classname="TestNG_Test.Login_CreateTypesOfWork_Logout" name="CreateTypesOfWork" time="0.0">
    <skipped/>
  </testcase> <!-- CreateTypesOfWork -->
  <testcase classname="TestNG_Test.Login_Acti_DeleteTypesOfWork_Logout" name="DeleteTypesOfWork" time="0.0">
    <skipped/>
  </testcase> <!-- DeleteTypesOfWork -->
  <testcase classname="Utils.BaseTest" name="@BeforeSuite suitelevelstart" time="0.0">
    <ignored/>
  </testcase> <!-- @BeforeSuite suitelevelstart -->
  <testcase classname="Utils.BaseTest" name="@BeforeSuite suitelevelstart" time="0.0">
    <ignored/>
  </testcase> <!-- @BeforeSuite suitelevelstart -->
  <testcase classname="Utils.BaseTest" name="@AfterSuite suitelevelEnded" time="0.0">
    <ignored/>
  </testcase> <!-- @AfterSuite suitelevelEnded -->
  <testcase classname="Utils.BaseTest" name="@AfterSuite suitelevelEnded" time="0.0">
    <ignored/>
  </testcase> <!-- @AfterSuite suitelevelEnded -->
  <testcase classname="Utils.BaseTest" name="@AfterTest TestLevelEnded" time="0.0">
    <ignored/>
  </testcase> <!-- @AfterTest TestLevelEnded -->
  <testcase classname="Utils.BaseTest" name="@AfterTest TestLevelEnded" time="0.0">
    <ignored/>
  </testcase> <!-- @AfterTest TestLevelEnded -->
  <testcase classname="Utils.BaseTest" name="@BeforeTest TestLevelStarted" time="0.0">
    <ignored/>
  </testcase> <!-- @BeforeTest TestLevelStarted -->
  <testcase classname="Utils.BaseTest" name="@BeforeTest TestLevelStarted" time="0.0">
    <ignored/>
  </testcase> <!-- @BeforeTest TestLevelStarted -->
</testsuite> <!-- ChromeTest -->
